<?xml version="1.0" encoding="UTF-8"?>
<testsuite name="TicTacToeTest" tests="1" skipped="0" failures="0" errors="0" timestamp="2019-09-21T16:04:49" hostname="ProgrammersZone" time="0.143">
  <properties/>
  <testcase name="start" classname="TicTacToeTest" time="0.143"/>
  <system-out><![CDATA[---------
| O   O |
| X X O |
|   X X |
---------
---------
| O X O |
|     X |
|   O X |
---------
---------
|       |
|       |
|       |
---------
---------
|   O   |
|   X   |
|     X |
---------
]]></system-out>
  <system-err><![CDATA[Start test 1
Start test 2
Start test 3
Start test 4
]]></system-err>
</testsuite>
