<?xml version="1.0" encoding="UTF-8"?>
<testsuite name="TicTacToeTest" tests="1" skipped="0" failures="0" errors="0" timestamp="2019-11-09T20:00:25" hostname="ProgrammersZone" time="0.158">
  <properties/>
  <testcase name="start" classname="TicTacToeTest" time="0.158"/>
  <system-out><![CDATA[---------
|   X X |
| O O   |
| O X   |
---------
Making move level "easy"
---------
|   X X |
| O O X |
| O X   |
---------
---------
|       |
|       |
|       |
---------
Making move level "easy"
---------
|       |
|     X |
|       |
---------
---------
| X   X |
|   O   |
|       |
---------
Making move level "easy"
---------
| X X X |
|   O   |
|       |
---------
]]></system-out>
  <system-err><![CDATA[Start test 1
Start test 2
Start test 3
]]></system-err>
</testsuite>
