<?xml version="1.0" encoding="UTF-8"?>
<testsuite name="TicTacToeTest" tests="1" skipped="0" failures="0" errors="0" timestamp="2019-09-21T15:44:34" hostname="ProgrammersZone" time="0.042">
  <properties/>
  <testcase name="start" classname="TicTacToeTest" time="0.042"/>
  <system-out><![CDATA[XXX
XXX
XXX
]]></system-out>
  <system-err><![CDATA[Start test 1
]]></system-err>
</testsuite>
